1570935471091:k
1571102318854:create-league
1571102348939:create-league --name testLeague --numTeams 12
1571102363972:stacktrace
1571102375005:create-league help
1571102400079:create-league --name testLeague --num-teams 12
1571185584674:my-clear
1571185587685:clear
1571185660640:quit
1571185679050:my-clear
1571185682202:do
1571185683905:my-clear
1571185820334:do
1571185821206:my-clear
1571189463138:start-draft
1571189472989:start-draft -l testLeague
1571189937397:q
1571189938738:quit
1571189967674:get-leagues
1571189974952:start-draft -l testLeague
1571189992695:create-league newLeague
1571189996567:get-leagues
1571190004558:quit
